{
  "stats": {
    "suites": 1,
    "tests": 1,
    "passes": 1,
    "pending": 0,
    "failures": 0,
    "start": "2023-09-26T14:49:03.548Z",
    "end": "2023-09-26T14:49:10.372Z",
    "duration": 6824,
    "testsRegistered": 1,
    "passPercent": 100,
    "pendingPercent": 0,
    "other": 0,
    "hasOther": false,
    "skipped": 0,
    "hasSkipped": false
  },
  "results": [
    {
      "uuid": "29ff5d27-7e12-4996-9c1d-66b5f5c432e4",
      "title": "",
      "fullFile": "cypress\\e2e\\TC1_VerifySuccessfulLogin.cy.js",
      "file": "cypress\\e2e\\TC1_VerifySuccessfulLogin.cy.js",
      "beforeHooks": [],
      "afterHooks": [],
      "tests": [],
      "suites": [
        {
          "uuid": "707791e9-4754-4680-afa2-b76d15cb8e96",
          "title": "TestCase1",
          "fullFile": "",
          "file": "",
          "beforeHooks": [],
          "afterHooks": [],
          "tests": [
            {
              "title": "VerifySuccessfulLogin",
              "fullTitle": "TestCase1 VerifySuccessfulLogin",
              "timedOut": null,
              "duration": 4030,
              "state": "passed",
              "speed": "fast",
              "pass": true,
              "fail": false,
              "pending": false,
              "context": "{\n  \"title\": \"cypress-mochawesome-reporter-screenshots\",\n  \"value\": [\n    [\n      \"\\\\TC1_VerifySuccessfulLogin.cy.js\\\\SuccessFullyLoggedintoApplication.png\"\n    ]\n  ]\n}",
              "code": "cy.log(\"START TC - Verify Successful Login\");\nconst base = new _BaseClass.default();\nconst login = new _LoginPage.default();\nconst dash = new _Dashboard.default();\nbase.LaunchApplication();\ncy.fixture(\"Config\").then(function (data) {\n  login.LoginToApplication(data.LoginEmail, data.LoginPassword);\n});\ndash.VerifySuccessfulLogin();\ncy.screenshot(\"SuccessFullyLoggedintoApplication\");\ncy.log(\"END TC - Verify Successful Login\");",
              "err": {},
              "uuid": "2ccbeaed-cdb4-45da-af0a-82ca7a730608",
              "parentUUID": "707791e9-4754-4680-afa2-b76d15cb8e96",
              "isHook": false,
              "skipped": false
            }
          ],
          "suites": [],
          "passes": [
            "2ccbeaed-cdb4-45da-af0a-82ca7a730608"
          ],
          "failures": [],
          "pending": [],
          "skipped": [],
          "duration": 4030,
          "root": false,
          "rootEmpty": false,
          "_timeout": 2000
        }
      ],
      "passes": [],
      "failures": [],
      "pending": [],
      "skipped": [],
      "duration": 0,
      "root": true,
      "rootEmpty": true,
      "_timeout": 2000
    }
  ],
  "meta": {
    "mocha": {
      "version": "7.0.1"
    },
    "mochawesome": {
      "options": {
        "quiet": false,
        "reportFilename": "mochawesome",
        "saveHtml": false,
        "saveJson": true,
        "consoleReporter": "spec",
        "useInlineDiffs": false,
        "code": true
      },
      "version": "7.1.3"
    },
    "marge": {
      "options": {
        "overwrite": false,
        "html": false,
        "json": true,
        "reportDir": "cypress\\reports\\html\\.jsons"
      },
      "version": "6.2.0"
    }
  }
}